LU vector: 0.09119310280829329 0.7548577402508155 0.030546397450634144 0.9468583384086673 0.5045872514623156 0.8262359247665085 0.3848482898365928 0.7659548566536332 0.7285296505915606 0.009325184398016384 
LU vector: 0.09119310280829296 0.7548577402508155 0.030546397450634033 0.947205617533627 0.5045872514623155 0.8262359247665088 0.3848482898365928 0.7698611066536335 0.7285296505915604 0.009325184398016162 
LU vector: 0.09119310280829296 0.7548577402508155 0.030546397450634033 0.947205617533627 0.5045872514623155 0.8262359247665088 0.3848482898365928 0.7698611066536335 0.7285296505915604 0.009325184398016162 
LU vector: 0.0911931028082934 0.7541357303391384 0.030546397450634033 0.9472056175336274 0.5045872514623152 0.8262359247665086 0.384848289836593 0.7698611066536335 0.7285296505915606 0.009325184398016217 
LU vector: 0.09009143074863102 0.7546751470634553 0.03055722186805332 0.9470067061279104 0.5042334101337425 0.8264261816439262 0.38525870861082767 0.7679079816536333 0.7285296505915608 0.00915334984055266 
LU vector: 0.09119310280829296 0.7548577402508155 0.030546397450634033 0.947205617533627 0.5045872514623155 0.8262359247665088 0.3848482898365928 0.7698611066536335 0.7285296505915604 0.009325184398016162 
LU vector: 0.09119310280829296 0.7548577402508155 0.030546397450634033 0.947205617533627 0.5045872514623155 0.8262359247665088 0.3848482898365928 0.7698611066536335 0.7285296505915604 0.009325184398016162 
LU vector: 0.0911931028082934 0.7548577402508156 0.03054639745063442 0.9470078583081334 0.504587251462316 0.8262359247665086 0.38484828983659336 0.7698611066536334 0.7285296505915607 0.009325184398016273 
LU vector: 0.09119310280829296 0.7548577402508155 0.030546397450634033 0.947205617533627 0.5045872514623155 0.8262359247665088 0.3848482898365928 0.7698611066536335 0.7285296505915604 0.009325184398016162 
LU vector: 0.0912623626934791 0.7550761662353819 0.030232964867218937 0.947364989041567 0.504276340595027 0.8267242060165088 0.38507638261743793 0.7698611066536335 0.7285296505915604 0.009437784943049754 
LU vector: 0.08897678648234364 0.7478681087446899 0.040576240119920726 0.9421057292795509 0.5164895242155421 0.8106109247665088 0.37754932084955445 0.7698611066536334 0.7285296505915606 0.005721966956944935 
LU vector: 0.09119310280829296 0.7548577402508155 0.030546397450634033 0.947205617533627 0.5045872514623155 0.8262359247665088 0.3848482898365928 0.7698611066536335 0.7285296505915604 0.009325184398016162 
LU vector: 0.09119310280829307 0.7548577402508159 0.04705704285379103 0.9472056175336276 0.5045872514623155 0.826235924766509 0.3848482898365935 0.769861106653633 0.7285296505915606 0.00954212702960644 
LU vector: 0.09119310280829274 0.7548577402508155 0.030546397450633866 0.9464841072202359 0.5045872514623156 0.8262359247665088 0.38484828983659314 0.7698611066536329 0.7285296505915604 0.00932518439801644 
LU vector: 0.09119310280829296 0.7548577402508155 0.030546397450634033 0.947205617533627 0.5045872514623155 0.8262359247665088 0.3848482898365928 0.7698611066536335 0.7285296505915604 0.009325184398016162 
LU vector: 0.09258609234774695 0.7557514871904679 0.033536096881095045 0.9473670869222437 0.5076540717737827 0.8272445612695511 0.38863327330205477 0.7698978628168828 0.7324359005915604 0.010408320741298327 
LU vector: 0.0911931028082934 0.7548577402508158 0.030546397450634366 0.9472714779089251 0.5045872514623161 0.826235924766509 0.38484828983659336 0.7698611066536334 0.7285296505915604 0.00932518439801655 
LU vector: 0.09119310280829296 0.7548577402508155 0.030546397450634033 0.947205617533627 0.5045872514623155 0.8262359247665088 0.3848482898365928 0.7698611066536335 0.7285296505915604 0.009325184398016162 
LU vector: 0.09119310280829274 0.7548577402508156 0.030546397450634477 0.947205617533627 0.5045872514623163 0.8262359247665085 0.3848482898365927 0.7698611066536328 0.7285296505915604 0.009325184398016051 
LU vector: 0.09119310280829296 0.7548577402508155 0.030546397450634033 0.947205617533627 0.5045872514623155 0.8262359247665088 0.3848482898365928 0.7698611066536335 0.7285296505915604 0.009325184398016162 
LU vector: 0.09119310280829296 0.7548577402508155 0.030546397450634033 0.947205617533627 0.5045872514623155 0.8262359247665088 0.3848482898365928 0.7698611066536335 0.7285296505915604 0.009325184398016162 
LU vector: 0.0911931028082934 0.7548577402508158 0.030546397450634033 0.9068760095721932 0.5045872514623159 0.8259917841415088 0.4121841169463406 0.7698611066536337 0.7285296505915607 0.009325184398016606 
LU vector: 0.09119310280829329 0.7548577402508155 0.03054639745063381 0.9472056175336274 0.504587251462316 0.8262359247665088 0.3286304716919942 0.7698611066536336 0.7285296505915602 0.009325184398016273 
LU vector: 0.09119310280829351 0.7548577402508156 0.030546397450633922 0.9472056175336274 0.5045872514623155 0.8262359247665088 0.40320824049043946 0.7698611066536329 0.7285296505915606 0.001512684398016717 
LU vector: 0.09119310280829296 0.7548577402508155 0.030546397450634033 0.947205617533627 0.5045872514623155 0.8262359247665088 0.3848482898365928 0.7698611066536335 0.7285296505915604 0.009325184398016162 
LU vector: 0.09119310280829296 0.7548577402508155 0.030546397450634033 0.947205617533627 0.5045872514623155 0.8262359247665088 0.3848482898365928 0.7698611066536335 0.7285296505915604 0.009325184398016162 
LU vector: 0.09119310280829296 0.7548577402508155 0.030546397450634033 0.947205617533627 0.5045872514623155 0.8262359247665088 0.3848482898365928 0.7698611066536335 0.7285296505915604 0.009325184398016162 
LU vector: 0.09119310280829296 0.7548577402508155 0.030546397450634033 0.947205617533627 0.5045872514623155 0.8262359247665088 0.3848482898365928 0.7698611066536335 0.7285296505915604 0.009325184398016162 
LU vector: 0.09119310280829362 0.7532629357422375 0.03054639745063481 0.9472056175336281 0.5045872514623161 0.8262359247665086 0.3848482898365932 0.7698611066536336 0.7285296505915606 0.00932518439801644 
LU vector: 0.09119310280829296 0.7548577402508155 0.030546397450634033 0.947205617533627 0.5045872514623155 0.8262359247665088 0.3848482898365928 0.7698611066536335 0.7285296505915604 0.009325184398016162 
LU vector: 0.09119310280829418 0.7548577402508154 0.030546397450633977 0.9472056175336274 0.5045872514623159 0.8262359247665085 0.5349401240074891 0.769861106653633 0.7285296505915604 0.00932518439801655 
LU vector: 0.09119310280829296 0.7548577402508155 0.030546397450634033 0.947205617533627 0.5045872514623155 0.8262359247665088 0.3848482898365928 0.7698611066536335 0.7285296505915604 0.009325184398016162 
LU vector: 0.09119310280829285 0.7548577402508154 0.0305463974506337 0.9472056175336272 0.5045872514623155 0.8262359247665089 0.3848482898365928 0.7698611066536332 0.7285296505915602 -0.024258400664041613 
LU vector: 0.09119310280829362 0.7548577402508155 0.03054639745063431 0.9472056175336272 0.504587251462316 0.8262359247665088 0.3848482898365933 0.7698611066536333 0.7285296505915606 0.0014454290030265216 
LU vector: 0.09119310280829296 0.7548577402508155 0.030546397450634033 0.947205617533627 0.5045872514623155 0.8262359247665088 0.3848482898365928 0.7698611066536335 0.7285296505915604 0.009325184398016162 
LU vector: 0.09119310280829329 0.7548577402508155 0.019595229891798238 0.9472056175336268 0.504587251462316 0.826235924766509 0.3848482898365933 0.7698611066536332 0.7285296505915604 0.009325184398016662 
LU vector: 0.09119310280829296 0.7548577402508154 0.030546397450634255 0.9397631874619307 0.5045872514623158 0.8262359247665086 0.16188445309852453 0.7698611066536326 0.9785296505915606 0.009325184398015662 
LU vector: 0.310972602300029 1.0048577402508156 0.030546397450634144 0.9472056175336274 0.5045872514623163 0.8262359247665085 0.3848482898365933 0.769861106653633 0.7285296505915606 0.5093251843980166 
LU vector: 0.09119310280829218 0.7548577402508154 0.03054639745063481 1.883410147523674 0.5045872514623166 0.8262359247665085 0.3848482898365933 0.7698611066536322 0.7285296505915604 0.00932518439801644 
LU vector: 0.09119310280829296 0.7548577402508155 0.030546397450634033 0.947205617533627 0.5045872514623155 0.8262359247665088 0.3848482898365928 0.7698611066536335 0.7285296505915604 0.009325184398016162 
LU vector: 0.09119310280829318 0.754857740250816 0.030546397450633755 0.9519186132336912 0.5045872514623159 0.8262359247665089 0.3848482898365929 0.7698611066536334 0.7285296505915603 0.009325184398016328 
LU vector: 0.09119310280829462 0.7548577402508154 0.0305463974506342 0.9472056175336276 1.3075996184152023 0.826235924766509 0.8848482898365939 0.7698611066536337 0.7285296505915608 0.009325184398016051 
